<?xml version="1.0" encoding="UTF-8"?>
<!-- Generated by org.testng.reporters.JUnitXMLReporter -->
<testsuite ignored="0" hostname="PRAKRITI-PC" failures="3" tests="3" name="Test" time="0.626" errors="0" timestamp="2024-08-17T13:47:56 IST">
  <testcase classname="com.project.apiautomation.testcases.Book_E2E_BusinessScenarios" name="addBookBusinessScenario" time="0.189">
    <failure type="java.lang.NullPointerException" message="Cannot invoke &amp;quot;String.equalsIgnoreCase(String)&amp;quot; because &amp;quot;com.project.apiautomation.config.PropertiesFile.appname&amp;quot; is null">
      <![CDATA[java.lang.NullPointerException: Cannot invoke "String.equalsIgnoreCase(String)" because "com.project.apiautomation.config.PropertiesFile.appname" is null
at com.project.apiautomation.config.PropertiesFile.loadProperties(PropertiesFile.java:28)
at com.project.apiautomation.config.PropertiesFile.getProperty(PropertiesFile.java:45)
at com.project.apiautomation.testcases.Book_E2E_BusinessScenarios.addBookBusinessScenario(Book_E2E_BusinessScenarios.java:35)
at java.base/java.util.ArrayList.forEach(ArrayList.java:1511)
... Removed 31 stack frames]]>
    </failure>
  </testcase> <!-- addBookBusinessScenario -->
  <testcase classname="com.project.apiautomation.testcases.Book_E2E_BusinessScenarios" name="getBookBusinessScenario" time="0.364">
    <failure type="java.lang.IllegalArgumentException" message="Base URI cannot be null">
      <![CDATA[java.lang.IllegalArgumentException: Base URI cannot be null
at org.codehaus.groovy.runtime.callsite.ConstructorSite$ConstructorSiteNoUnwrap.callConstructor(ConstructorSite.java:84)
at org.codehaus.groovy.runtime.callsite.CallSiteArray.defaultCallConstructor(CallSiteArray.java:59)
at org.codehaus.groovy.runtime.callsite.AbstractCallSite.callConstructor(AbstractCallSite.java:238)
at org.codehaus.groovy.runtime.callsite.AbstractCallSite.callConstructor(AbstractCallSite.java:250)
at io.restassured.internal.assertion.AssertParameter.notNull(AssertParameter.groovy:26)
at io.restassured.internal.assertion.AssertParameter$notNull.callStatic(Unknown Source)
at org.codehaus.groovy.runtime.callsite.CallSiteArray.defaultCallStatic(CallSiteArray.java:55)
at org.codehaus.groovy.runtime.callsite.AbstractCallSite.callStatic(AbstractCallSite.java:197)
at org.codehaus.groovy.runtime.callsite.AbstractCallSite.callStatic(AbstractCallSite.java:217)
at io.restassured.internal.RequestSpecificationImpl.baseUri(RequestSpecificationImpl.groovy:751)
at io.restassured.builder.RequestSpecBuilder.setBaseUri(RequestSpecBuilder.java:1347)
at com.project.apiautomation.base.RequestBuilder.sendRequest(RequestBuilder.java:51)
at com.project.apiautomation.testcases.Book_E2E_BusinessScenarios.getBookBusinessScenario(Book_E2E_BusinessScenarios.java:75)
at java.base/java.util.ArrayList.forEach(ArrayList.java:1511)
... Removed 38 stack frames]]>
    </failure>
  </testcase> <!-- getBookBusinessScenario -->
  <testcase classname="com.project.apiautomation.testcases.Book_E2E_BusinessScenarios" name="deleteBookBusinessScenario" time="0.018">
    <failure type="java.lang.NullPointerException">
      <![CDATA[java.lang.NullPointerException
at java.base/java.io.File.<init>(File.java:278)
at com.project.apiautomation.config.JsonReader.getRequestBody(JsonReader.java:20)
at com.project.apiautomation.testcases.Book_E2E_BusinessScenarios.deleteBookBusinessScenario(Book_E2E_BusinessScenarios.java:105)
at java.base/java.util.ArrayList.forEach(ArrayList.java:1511)
... Removed 31 stack frames]]>
    </failure>
  </testcase> <!-- deleteBookBusinessScenario -->
</testsuite> <!-- Test -->
