<?xml version="1.0" encoding="UTF-8"?>
<!-- Generated by org.testng.reporters.JUnitXMLReporter -->
<testsuite ignored="0" hostname="PRAKRITI-PC" failures="0" tests="3" name="Test" time="2.152" errors="0" timestamp="2024-08-17T20:48:26 IST">
  <testcase classname="com.project.apiautomation.testcases.Book_E2E_BusinessScenarios" name="addBookBusinessScenario" time="1.917"/>
  <testcase classname="com.project.apiautomation.testcases.Book_E2E_BusinessScenarios" name="getBookBusinessScenario" time="0.104"/>
  <testcase classname="com.project.apiautomation.testcases.Book_E2E_BusinessScenarios" name="deleteBookBusinessScenario" time="0.08"/>
</testsuite> <!-- Test -->
