<?xml version="1.0" encoding="UTF-8"?>
<testsuite xmlns:xsi="http://www.w3.org/2001/XMLSchema-instance" xsi:noNamespaceSchemaLocation="https://maven.apache.org/surefire/maven-surefire-plugin/xsd/surefire-test-report-3.0.xsd" version="3.0" name="TestSuite" time="2.163" tests="3" errors="0" skipped="0" failures="3">
  <properties>
[...]
</properties>
  <testcase name="addBookBusinessScenario" classname="com.project.apiautomation.testcases.Book_E2E_BusinessScenarios" time="0.198">
    <failure message="Cannot invoke &quot;String.equalsIgnoreCase(String)&quot; because &quot;com.project.apiautomation.config.PropertiesFile.appname&quot; is null" type="java.lang.NullPointerException"><![CDATA[java.lang.NullPointerException: Cannot invoke "String.equalsIgnoreCase(String)" because "com.project.apiautomation.config.PropertiesFile.appname" is null
	at com.project.apiautomation.testcases.Book_E2E_BusinessScenarios.addBookBusinessScenario(Book_E2E_BusinessScenarios.java:35)
]]></failure>
    <system-out><![CDATA[[TestNGContentHandler] [WARN] It is strongly recommended to add "<!DOCTYPE suite SYSTEM "https://testng.org/testng-1.0.dtd" >" at the top of your file, otherwise TestNG may fail or not work as expected.
...
... TestNG 7.3.0 by CÃ©dric Beust (cedric@beust.com)
...

**** Test Suite Test started ****
insite initialize method
**** Running test method addBookBusinessScenario ....
Directory already exists at : 'C:\Users\baghe\Documents\Learning\TestAutomation_REstAssured_API_TestNG\TestAutomation_API\TestReports
????????????????null
]]></system-out>
    <system-err><![CDATA[log4j:ERROR Could not find value for key log4j.appender.HTML
log4j:ERROR Could not instantiate appender named "HTML".
Aug 17, 2024 1:47:56 PM com.project.apiautomation.config.ER Info
INFO: ***********************************************************************************************
Aug 17, 2024 1:47:56 PM com.project.apiautomation.config.ER Info
INFO: Execution Started.
Aug 17, 2024 1:47:56 PM com.project.apiautomation.config.ER Info
INFO: ***********************************************************************************************
]]></system-err>
  </testcase>
  <testcase name="getBookBusinessScenario" classname="com.project.apiautomation.testcases.Book_E2E_BusinessScenarios" time="0.365">
    <failure message="Base URI cannot be null" type="java.lang.IllegalArgumentException"><![CDATA[java.lang.IllegalArgumentException: Base URI cannot be null
	at com.project.apiautomation.testcases.Book_E2E_BusinessScenarios.getBookBusinessScenario(Book_E2E_BusinessScenarios.java:75)
]]></failure>
    <system-out><![CDATA[**** Test addBookBusinessScenario Test failed.
insite initialize method
**** Running test method getBookBusinessScenario ....
????????????????null
????????????????null
????????????????null
]]></system-out>
    <system-err><![CDATA[Aug 17, 2024 1:47:56 PM com.project.apiautomation.config.ER Info
INFO: ***********************************************************************************************
Aug 17, 2024 1:47:56 PM com.project.apiautomation.config.ER Info
INFO: Execution Started.
Aug 17, 2024 1:47:56 PM com.project.apiautomation.config.ER Info
INFO: ***********************************************************************************************
Aug 17, 2024 1:47:56 PM com.project.apiautomation.config.ER Pass
INFO: ***********************************************************************************************
Aug 17, 2024 1:47:56 PM com.project.apiautomation.config.ER Pass
INFO: User has access to endpoint : null
Aug 17, 2024 1:47:56 PM com.project.apiautomation.config.ER Pass
INFO: ***********************************************************************************************
]]></system-err>
  </testcase>
  <testcase name="deleteBookBusinessScenario" classname="com.project.apiautomation.testcases.Book_E2E_BusinessScenarios" time="0.017">
    <failure type="java.lang.NullPointerException"><![CDATA[java.lang.NullPointerException
	at com.project.apiautomation.testcases.Book_E2E_BusinessScenarios.deleteBookBusinessScenario(Book_E2E_BusinessScenarios.java:105)
]]></failure>
    <system-out><![CDATA[**** Test getBookBusinessScenario Test failed.
insite initialize method
**** Running test method deleteBookBusinessScenario ....
????????????????null
????????????????null
????????????????null
????????????????null
]]></system-out>
    <system-err><![CDATA[Aug 17, 2024 1:47:56 PM com.project.apiautomation.config.ER Info
INFO: ***********************************************************************************************
Aug 17, 2024 1:47:56 PM com.project.apiautomation.config.ER Info
INFO: Execution Started.
Aug 17, 2024 1:47:56 PM com.project.apiautomation.config.ER Info
INFO: ***********************************************************************************************
Aug 17, 2024 1:47:56 PM com.project.apiautomation.config.ER Pass
INFO: ***********************************************************************************************
Aug 17, 2024 1:47:56 PM com.project.apiautomation.config.ER Pass
INFO: User has access to endpoint : null
Aug 17, 2024 1:47:56 PM com.project.apiautomation.config.ER Pass
INFO: ***********************************************************************************************
]]></system-err>
  </testcase>
</testsuite>